"Severity","ThreadID","Date","Time","Application","Message"
"ERROR","Thread-11","12/06/2017","13:19:43","",";Page /index.cfm [C:\inetpub\wwwroot\access2018\public_html\index.cfm] not found;lucee.runtime.exp.MissingIncludeException: Page /index.cfm [C:\inetpub\wwwroot\access2018\public_html\index.cfm] not found
	at lucee.runtime.PageSourceImpl.loadPage(PageSourceImpl.java:908)
	at lucee.runtime.PageContextImpl._doInclude(PageContextImpl.java:923)
	at lucee.runtime.PageContextImpl._doInclude(PageContextImpl.java:842)
	at lucee.runtime.listener.ClassicAppListener._onRequest(ClassicAppListener.java:63)
	at lucee.runtime.listener.MixedAppListener.onRequest(MixedAppListener.java:44)
	at lucee.runtime.PageContextImpl.execute(PageContextImpl.java:2408)
	at lucee.runtime.PageContextImpl._execute(PageContextImpl.java:2398)
	at lucee.runtime.PageContextImpl.executeCFML(PageContextImpl.java:2366)
	at lucee.runtime.engine.Request.run(Request.java:34)
"
"ERROR","Thread-18","12/06/2017","13:20:15","",";Page /index.cfm [C:\inetpub\wwwroot\access2018\public_html\index.cfm] not found;lucee.runtime.exp.MissingIncludeException: Page /index.cfm [C:\inetpub\wwwroot\access2018\public_html\index.cfm] not found
	at lucee.runtime.PageSourceImpl.loadPage(PageSourceImpl.java:908)
	at lucee.runtime.PageContextImpl._doInclude(PageContextImpl.java:923)
	at lucee.runtime.PageContextImpl._doInclude(PageContextImpl.java:842)
	at lucee.runtime.listener.ClassicAppListener._onRequest(ClassicAppListener.java:63)
	at lucee.runtime.listener.MixedAppListener.onRequest(MixedAppListener.java:44)
	at lucee.runtime.PageContextImpl.execute(PageContextImpl.java:2408)
	at lucee.runtime.PageContextImpl._execute(PageContextImpl.java:2398)
	at lucee.runtime.PageContextImpl.executeCFML(PageContextImpl.java:2366)
	at lucee.runtime.engine.Request.run(Request.java:34)
"
"ERROR","Thread-20","12/06/2017","13:20:17","",";Page /index.cfm [C:\inetpub\wwwroot\access2018\public_html\index.cfm] not found;lucee.runtime.exp.MissingIncludeException: Page /index.cfm [C:\inetpub\wwwroot\access2018\public_html\index.cfm] not found
	at lucee.runtime.PageSourceImpl.loadPage(PageSourceImpl.java:908)
	at lucee.runtime.PageContextImpl._doInclude(PageContextImpl.java:923)
	at lucee.runtime.PageContextImpl._doInclude(PageContextImpl.java:842)
	at lucee.runtime.listener.ClassicAppListener._onRequest(ClassicAppListener.java:63)
	at lucee.runtime.listener.MixedAppListener.onRequest(MixedAppListener.java:44)
	at lucee.runtime.PageContextImpl.execute(PageContextImpl.java:2408)
	at lucee.runtime.PageContextImpl._execute(PageContextImpl.java:2398)
	at lucee.runtime.PageContextImpl.executeCFML(PageContextImpl.java:2366)
	at lucee.runtime.engine.Request.run(Request.java:34)
"
